[level_zero:gpu][level_zero:0] Intel(R) oneAPI Unified Runtime over Level-Zero, Intel(R) Arc(TM) B580 Graphics 20.1.0 [1.13.0]
[opencl:cpu][opencl:0] Intel(R) OpenCL, Intel(R) Core(TM) Ultra 9 285K OpenCL 3.0 (Build 0) [2025.19.4.0.18_160000.xmain-hotfix]
[opencl:gpu][opencl:1] Intel(R) OpenCL Graphics, Intel(R) Arc(TM) B580 Graphics OpenCL 3.0 NEO  [25.37.0]
Starting SPMM benchmark tests at Fri Sep 19 08:48:13 PM PDT 2025
./spmm_benchmark 100000 100000 1 16
Multiplying 100000 x 100000 matrix with 16 nnz/row by 1 columns.
OK!
Completed in 0.000172499 s (achieved 81.15991397051577 GB/s)
Achieved 18.55083217873727 GFLOPs
Completed in 0.00017339000000000002 s (achieved 80.74285714285715 GB/s)
Achieved 18.455504931080224 GFLOPs
Completed in 0.00017273400000000002 s (achieved 81.04949807218034 GB/s)
Achieved 18.525594266328575 GFLOPs
Completed in 0.00017025000000000002 s (achieved 82.23203524229075 GB/s)
Achieved 18.79588839941263 GFLOPs
Completed in 0.000168794 s (achieved 82.9413604748984 GB/s)
Achieved 18.958019834828253 GFLOPs
Completed in 0.000173627 s (achieved 80.63264354046318 GB/s)
Achieved 18.430313257730653 GFLOPs
Completed in 0.00025067000000000004 s (achieved 55.850337096581164 GB/s)
Achieved 12.765787688993496 GFLOPs
Completed in 0.000174804 s (achieved 80.08972334729184 GB/s)
Achieved 18.306217249033203 GFLOPs
Completed in 0.00017100600000000002 s (achieved 81.86849584225115 GB/s)
Achieved 18.712793703144918 GFLOPs
Completed in 0.00017350200000000002 s (achieved 80.69073555348065 GB/s)
Achieved 18.443591428340884 GFLOPs
Durations: [0.000172499, 0.00017339000000000002, 0.00017273400000000002, 0.00017025000000000002, 0.000168794, 0.000173627, 0.00025067000000000004, 0.000174804, 0.00017100600000000002, 0.00017350200000000002]
Median duration 0.00017339000000000002 (80.74285714285715 GB/s) 17.706766917293233% of peak
Median achieved 18.455504931080224 GFLOPs
./spmm_benchmark 100000 100000 8 16
Multiplying 100000 x 100000 matrix with 16 nnz/row by 8 columns.
OK!
Completed in 0.00036034900000000004 s (achieved 54.391725799155815 GB/s)
Achieved 71.04223960660359 GFLOPs
Completed in 0.000359741 s (achieved 54.48365351739168 GB/s)
Achieved 71.16230843857109 GFLOPs
Completed in 0.000357537 s (achieved 54.81951238613067 GB/s)
Achieved 71.60098115719492 GFLOPs
Completed in 0.00035554900000000003 s (achieved 55.12602763613454 GB/s)
Achieved 72.00132752447622 GFLOPs
Completed in 0.000354574 s (achieved 55.277612007648614 GB/s)
Achieved 72.19931523461958 GFLOPs
Completed in 0.000365477 s (achieved 53.62855665335986 GB/s)
Achieved 70.04544745633788 GFLOPs
Completed in 0.000361198 s (achieved 54.263877430107584 GB/s)
Achieved 70.87525401580297 GFLOPs
Completed in 0.000359207 s (achieved 54.564649352601705 GB/s)
Achieved 71.26809889562286 GFLOPs
Completed in 0.00035852000000000003 s (achieved 54.66920673881513 GB/s)
Achieved 71.4046636170925 GFLOPs
Completed in 0.000355724 s (achieved 55.0989081422676 GB/s)
Achieved 71.96590615196051 GFLOPs
Durations: [0.00036034900000000004, 0.000359741, 0.000357537, 0.00035554900000000003, 0.000354574, 0.000365477, 0.000361198, 0.000359207, 0.00035852000000000003, 0.000355724]
Median duration 0.000359207 (54.564649352601705 GB/s) 11.965931875570549% of peak
Median achieved 71.26809889562286 GFLOPs
./spmm_benchmark 100000 100000 32 16
Multiplying 100000 x 100000 matrix with 16 nnz/row by 32 columns.
OK!
Completed in 0.00036427400000000004 s (achieved 106.51324003360106 GB/s)
Achieved 281.1070787374339 GFLOPs
Completed in 0.00035559800000000005 s (achieved 109.11198600667043 GB/s)
Achieved 287.9656241036226 GFLOPs
Completed in 0.000428352 s (achieved 90.57971948304198 GB/s)
Achieved 239.05572986702526 GFLOPs
Completed in 0.000353547 s (achieved 109.74496743007295 GB/s)
Achieved 289.63617284264893 GFLOPs
Completed in 0.000355062 s (achieved 109.27670097053472 GB/s)
Achieved 288.4003357160158 GFLOPs
Completed in 0.000352584 s (achieved 110.04470991309871 GB/s)
Achieved 290.4272457059878 GFLOPs
Completed in 0.00035423100000000004 s (achieved 109.53305611310132 GB/s)
Achieved 289.07690179572086 GFLOPs
Completed in 0.00035504700000000004 s (achieved 109.28131768470088 GB/s)
Achieved 288.41252003255903 GFLOPs
Completed in 0.000354061 s (achieved 109.58564767088156 GB/s)
Achieved 289.2157001194709 GFLOPs
Completed in 0.00036189800000000004 s (achieved 107.21254055009973 GB/s)
Achieved 282.95265516803073 GFLOPs
Durations: [0.00036427400000000004, 0.00035559800000000005, 0.000428352, 0.000353547, 0.000355062, 0.000352584, 0.00035423100000000004, 0.00035504700000000004, 0.000354061, 0.00036189800000000004]
Median duration 0.000355062 (109.27670097053472 GB/s) 23.964188809327787% of peak
Median achieved 288.4003357160158 GFLOPs
./spmm_benchmark 100000 100000 64 16
Multiplying 100000 x 100000 matrix with 16 nnz/row by 64 columns.
OK!
Completed in 0.00036197100000000005 s (achieved 177.91481638031777 GB/s)
Achieved 565.791182166527 GFLOPs
Completed in 0.00045433200000000005 s (achieved 141.74657299067644 GB/s)
Achieved 450.77168238204655 GFLOPs
Completed in 0.00036095 s (achieved 178.41807452555759 GB/s)
Achieved 567.3916054855243 GFLOPs
Completed in 0.000369464 s (achieved 174.30657384751967 GB/s)
Achieved 554.3165233960549 GFLOPs
Completed in 0.000366414 s (achieved 175.75748743224878 GB/s)
Achieved 558.9306085466167 GFLOPs
Completed in 0.00036826700000000003 s (achieved 174.87313280853294 GB/s)
Achieved 556.1182511601637 GFLOPs
Completed in 0.000361071 s (achieved 178.35828410478828 GB/s)
Achieved 567.2014645319065 GFLOPs
Completed in 0.00036341000000000005 s (achieved 177.2103244269558 GB/s)
Achieved 563.5508103794612 GFLOPs
Completed in 0.00036020800000000005 s (achieved 178.78560165237863 GB/s)
Achieved 568.5603873317639 GFLOPs
Completed in 0.00036163700000000005 s (achieved 178.07913460182448 GB/s)
Achieved 566.3137344906633 GFLOPs
Durations: [0.00036197100000000005, 0.00045433200000000005, 0.00036095, 0.000369464, 0.000366414, 0.00036826700000000003, 0.000361071, 0.00036341000000000005, 0.00036020800000000005, 0.00036163700000000005]
Median duration 0.00036341000000000005 (177.2103244269558 GB/s) 38.861913251525394% of peak
Median achieved 563.5508103794612 GFLOPs
./spmm_benchmark 100000 100000 128 16
Multiplying 100000 x 100000 matrix with 16 nnz/row by 128 columns.
OK!
Completed in 0.000648247 s (achieved 178.32709445627978 GB/s)
Achieved 631.8579183551949 GFLOPs
Completed in 0.0007556700000000001 s (achieved 152.9768338031151 GB/s)
Achieved 542.0355446160361 GFLOPs
Completed in 0.0006593450000000001 s (achieved 175.32551850700315 GB/s)
Achieved 621.2225769513683 GFLOPs
Completed in 0.000773442 s (achieved 149.46176183863818 GB/s)
Achieved 529.5807571867057 GFLOPs
Completed in 0.000644647 s (achieved 179.32295349237646 GB/s)
Achieved 635.3864983471574 GFLOPs
Completed in 0.000806904 s (achieved 143.26363978862418 GB/s)
Achieved 507.6192459078156 GFLOPs
Completed in 0.000666845 s (achieved 173.35363390293097 GB/s)
Achieved 614.2356919524027 GFLOPs
Completed in 0.0008024680000000001 s (achieved 144.0555934940708 GB/s)
Achieved 510.42533783278583 GFLOPs
Completed in 0.0006465560000000001 s (achieved 178.79349043238327 GB/s)
Achieved 633.5104770507118 GFLOPs
Completed in 0.000745857 s (achieved 154.9895006683587 GB/s)
Achieved 549.1669314627335 GFLOPs
Durations: [0.000648247, 0.0007556700000000001, 0.0006593450000000001, 0.000773442, 0.000644647, 0.000806904, 0.000666845, 0.0008024680000000001, 0.0006465560000000001, 0.000745857]
Median duration 0.000745857 (154.9895006683587 GB/s) 33.98892558516638% of peak
Median achieved 549.1669314627335 GFLOPs
./spmm_benchmark 100000 100000 256 16
Multiplying 100000 x 100000 matrix with 16 nnz/row by 256 columns.
OK!
Completed in 0.0012460840000000002 s (achieved 174.9480805467368 GB/s)
Achieved 657.4195640101309 GFLOPs
Completed in 0.001263746 s (achieved 172.50302196802207 GB/s)
Achieved 648.2315275379705 GFLOPs
Completed in 0.001253409 s (achieved 173.92567310430994 GB/s)
Achieved 653.5775632694516 GFLOPs
Completed in 0.001236609 s (achieved 176.28854714788588 GB/s)
Achieved 662.4567668519313 GFLOPs
Completed in 0.001237852 s (achieved 176.11152544892283 GB/s)
Achieved 661.7915550485842 GFLOPs
Completed in 0.001240931 s (achieved 175.67455724774385 GB/s)
Achieved 660.1495167740994 GFLOPs
Completed in 0.0012402320000000002 s (achieved 175.77356817111635 GB/s)
Achieved 660.5215798334505 GFLOPs
Completed in 0.001239543 s (achieved 175.87127191230962 GB/s)
Achieved 660.8887307660968 GFLOPs
Completed in 0.0012435640000000002 s (achieved 175.30260123322964 GB/s)
Achieved 658.7517811708926 GFLOPs
Completed in 0.0012395070000000002 s (achieved 175.87637988329232 GB/s)
Achieved 660.9079254897309 GFLOPs
Durations: [0.0012460840000000002, 0.001263746, 0.001253409, 0.001236609, 0.001237852, 0.001240931, 0.0012402320000000002, 0.001239543, 0.0012435640000000002, 0.0012395070000000002]
Median duration 0.001240931 (175.67455724774385 GB/s) 38.5251222034526% of peak
Median achieved 660.1495167740994 GFLOPs
./spmm_benchmark 100000 100000 512 16
Multiplying 100000 x 100000 matrix with 16 nnz/row by 512 columns.
OK!
Completed in 0.002828951 s (achieved 149.45469327676582 GB/s)
Achieved 579.1546053643206 GFLOPs
Completed in 0.0029760790000000004 s (achieved 142.06612257268708 GB/s)
Achieved 550.5230203902516 GFLOPs
Completed in 0.0028174240000000002 s (achieved 150.06616114578424 GB/s)
Achieved 581.5241156460653 GFLOPs
Completed in 0.00295793 s (achieved 142.9377990689435 GB/s)
Achieved 553.9008698650746 GFLOPs
Completed in 0.0028642510000000004 s (achieved 147.6127629876013 GB/s)
Achieved 572.0169077360887 GFLOPs
Completed in 0.0030087020000000003 s (achieved 140.5257164052804 GB/s)
Achieved 544.5537643807861 GFLOPs
Completed in 0.003080591 s (achieved 137.2463933057001 GB/s)
Achieved 531.8459996799315 GFLOPs
Completed in 0.0028762690000000003 s (achieved 146.99598820555377 GB/s)
Achieved 569.6268325389593 GFLOPs
Completed in 0.0030587630000000004 s (achieved 138.22581350696342 GB/s)
Achieved 535.6413687493931 GFLOPs
Completed in 0.003094963 s (achieved 136.60906576266018 GB/s)
Achieved 529.3762801041563 GFLOPs
Durations: [0.002828951, 0.0029760790000000004, 0.0028174240000000002, 0.00295793, 0.0028642510000000004, 0.0030087020000000003, 0.003080591, 0.0028762690000000003, 0.0030587630000000004, 0.003094963]
Median duration 0.0029760790000000004 (142.06612257268708 GB/s) 31.154851441378742% of peak
Median achieved 550.5230203902516 GFLOPs
./spmm_benchmark 100000 100000 1 32
Multiplying 100000 x 100000 matrix with 32 nnz/row by 1 columns.
OK!
Completed in 0.00024748900000000004 s (achieved 108.28765722921018 GB/s)
Achieved 25.859735180149418 GFLOPs
Completed in 0.000250838 s (achieved 106.84188201149746 GB/s)
Achieved 25.51447547819708 GFLOPs
Completed in 0.000250199 s (achieved 107.11475265688513 GB/s)
Achieved 25.579638607668297 GFLOPs
Completed in 0.00024987 s (achieved 107.25578901028535 GB/s)
Achieved 25.613318925841437 GFLOPs
Completed in 0.00025352 s (achieved 105.71159671820763 GB/s)
Achieved 25.244556642473967 GFLOPs
Completed in 0.00033307000000000003 s (achieved 80.46357822679917 GB/s)
Achieved 19.215179992193832 GFLOPs
Completed in 0.00024741 s (achieved 108.32223434784368 GB/s)
Achieved 25.867992401277235 GFLOPs
Completed in 0.000251607 s (achieved 106.51533542389521 GB/s)
Achieved 25.436494215184794 GFLOPs
Completed in 0.00025110700000000003 s (achieved 106.72742695345012 GB/s)
Achieved 25.487142931101083 GFLOPs
Completed in 0.000244354 s (achieved 109.67696047537589 GB/s)
Achieved 26.19150904016304 GFLOPs
Durations: [0.00024748900000000004, 0.000250838, 0.000250199, 0.00024987, 0.00025352, 0.00033307000000000003, 0.00024741, 0.000251607, 0.00025110700000000003, 0.000244354]
Median duration 0.000250838 (106.84188201149746 GB/s) 23.430237283223125% of peak
Median achieved 25.51447547819708 GFLOPs
./spmm_benchmark 100000 100000 8 32
Multiplying 100000 x 100000 matrix with 32 nnz/row by 8 columns.
OK!
Completed in 0.000348965 s (achieved 92.84599888240942 GB/s)
Achieved 146.71958505867352 GFLOPs
Completed in 0.00034681100000000004 s (achieved 93.4226538373927 GB/s)
Achieved 147.63084215898573 GFLOPs
Completed in 0.00034835700000000004 s (achieved 93.0080463432628 GB/s)
Achieved 146.9756600269264 GFLOPs
Completed in 0.000429715 s (achieved 75.39882014823779 GB/s)
Achieved 119.14873811712414 GFLOPs
Completed in 0.000347797 s (achieved 93.1578018211773 GB/s)
Achieved 147.2123106294764 GFLOPs
Completed in 0.00044350700000000005 s (achieved 73.05409835695941 GB/s)
Achieved 115.44349920068905 GFLOPs
Completed in 0.000348769 s (achieved 92.89817615671117 GB/s)
Achieved 146.8020380251685 GFLOPs
Completed in 0.000351096 s (achieved 92.28246405541505 GB/s)
Achieved 145.82906099756192 GFLOPs
Completed in 0.000347147 s (achieved 93.332231014527 GB/s)
Achieved 147.48795178987575 GFLOPs
Completed in 0.00034685300000000005 s (achieved 93.41134140399535 GB/s)
Achieved 147.61296572323144 GFLOPs
Durations: [0.000348965, 0.00034681100000000004, 0.00034835700000000004, 0.000429715, 0.000347797, 0.00044350700000000005, 0.000348769, 0.000351096, 0.000347147, 0.00034685300000000005]
Median duration 0.000348769 (92.89817615671117 GB/s) 20.372407051910344% of peak
Median achieved 146.8020380251685 GFLOPs
./spmm_benchmark 100000 100000 32 32
Multiplying 100000 x 100000 matrix with 32 nnz/row by 32 columns.
OK!
Completed in 0.000516547 s (achieved 99.89411224922418 GB/s)
Achieved 396.4789264094071 GFLOPs
Completed in 0.000387581 s (achieved 133.1334714549991 GB/s)
Achieved 528.4056752007967 GFLOPs
Completed in 0.000368907 s (achieved 139.87266167353832 GB/s)
Achieved 555.1534668629221 GFLOPs
Completed in 0.00036733400000000003 s (achieved 140.47162527835704 GB/s)
Achieved 557.5307485830334 GFLOPs
Completed in 0.00037172700000000003 s (achieved 138.81155794440545 GB/s)
Achieved 550.9419547140778 GFLOPs
Completed in 0.000376275 s (achieved 137.13375589661817 GB/s)
Achieved 544.2827719088433 GFLOPs
Completed in 0.00037906800000000004 s (achieved 136.12334462418352 GB/s)
Achieved 540.2724577120728 GFLOPs
Completed in 0.00038137200000000005 s (achieved 135.30097647441343 GB/s)
Achieved 537.0084851536033 GFLOPs
Completed in 0.00047037 s (achieved 109.70088228415929 GB/s)
Achieved 435.4019176393052 GFLOPs
Completed in 0.000377709 s (achieved 136.61311750580475 GB/s)
Achieved 542.2163623318481 GFLOPs
Durations: [0.000516547, 0.000387581, 0.000368907, 0.00036733400000000003, 0.00037172700000000003, 0.000376275, 0.00037906800000000004, 0.00038137200000000005, 0.00047037, 0.000377709]
Median duration 0.00037906800000000004 (136.12334462418352 GB/s) 29.851610663198137% of peak
Median achieved 540.2724577120728 GFLOPs
./spmm_benchmark 100000 100000 64 32
Multiplying 100000 x 100000 matrix with 32 nnz/row by 64 columns.
OK!
Completed in 0.0007425740000000001 s (achieved 103.9627080937388 GB/s)
Achieved 551.5948578862174 GFLOPs
Completed in 0.00056795 s (achieved 135.92746544590193 GB/s)
Achieved 721.1902456202131 GFLOPs
Completed in 0.00065134 s (achieved 118.52489329689563 GB/s)
Achieved 628.8574323701907 GFLOPs
Completed in 0.000562436 s (achieved 137.26006870115 GB/s)
Achieved 728.2606376547732 GFLOPs
Completed in 0.0005677960000000001 s (achieved 135.96433226017794 GB/s)
Achieved 721.3858498474804 GFLOPs
Completed in 0.000576157 s (achieved 133.99126279816093 GB/s)
Achieved 710.9173367675825 GFLOPs
Completed in 0.0006736 s (achieved 114.60808194774347 GB/s)
Achieved 608.0760095011876 GFLOPs
Completed in 0.000573191 s (achieved 134.68460600393237 GB/s)
Achieved 714.5960072645942 GFLOPs
Completed in 0.0005753090000000001 s (achieved 134.18876464647693 GB/s)
Achieved 711.9652221675656 GFLOPs
Completed in 0.0005653100000000001 s (achieved 136.5622472625639 GB/s)
Achieved 724.5582070014682 GFLOPs
Durations: [0.0007425740000000001, 0.00056795, 0.00065134, 0.000562436, 0.0005677960000000001, 0.000576157, 0.0006736, 0.000573191, 0.0005753090000000001, 0.0005653100000000001]
Median duration 0.0005753090000000001 (134.18876464647693 GB/s) 29.427360668087044% of peak
Median achieved 711.9652221675656 GFLOPs
./spmm_benchmark 100000 100000 128 32
Multiplying 100000 x 100000 matrix with 32 nnz/row by 128 columns.
OK!
Completed in 0.000892056 s (achieved 143.9371564117051 GB/s)
Achieved 918.3279973454581 GFLOPs
Completed in 0.000890527 s (achieved 144.18429087495383 GB/s)
Achieved 919.9047305696515 GFLOPs
Completed in 0.000896346 s (achieved 143.248259042825 GB/s)
Achieved 913.9327893469709 GFLOPs
Completed in 0.000889839 s (achieved 144.29577035845813 GB/s)
Achieved 920.6159765980138 GFLOPs
Completed in 0.000886161 s (achieved 144.89466812464102 GB/s)
Achieved 924.4369815417289 GFLOPs
Completed in 0.0008907860000000001 s (achieved 144.14236864970937 GB/s)
Achieved 919.6372641689474 GFLOPs
Completed in 0.000890569 s (achieved 144.17749101978623 GB/s)
Achieved 919.8613470713667 GFLOPs
Completed in 0.0008824140000000001 s (achieved 145.50993524581432 GB/s)
Achieved 928.3624239869267 GFLOPs
Completed in 0.0008869860000000001 s (achieved 144.7598992543287 GB/s)
Achieved 923.577147779108 GFLOPs
Completed in 0.000900714 s (achieved 142.5535786054175 GB/s)
Achieved 909.5006850121126 GFLOPs
Durations: [0.000892056, 0.000890527, 0.000896346, 0.000889839, 0.000886161, 0.0008907860000000001, 0.000890569, 0.0008824140000000001, 0.0008869860000000001, 0.000900714]
Median duration 0.000890569 (144.17749101978623 GB/s) 31.617870837672417% of peak
Median achieved 919.8613470713667 GFLOPs
./spmm_benchmark 100000 100000 256 32
Multiplying 100000 x 100000 matrix with 32 nnz/row by 256 columns.
OK!
Completed in 0.002392687 s (achieved 96.46059179491509 GB/s)
Achieved 684.7531666281465 GFLOPs
Completed in 0.002123438 s (achieved 108.69166135295686 GB/s)
Achieved 771.5789205995184 GFLOPs
Completed in 0.00237154 s (achieved 97.32072998979565 GB/s)
Achieved 690.859104210766 GFLOPs
Completed in 0.00226042 s (achieved 102.10492032454145 GB/s)
Achieved 724.8210509551323 GFLOPs
Completed in 0.002383524 s (achieved 96.83141600420218 GB/s)
Achieved 687.3855685950718 GFLOPs
Completed in 0.0021488930000000002 s (achieved 107.4041397128661 GB/s)
Achieved 762.4390790979355 GFLOPs
Completed in 0.002254691 s (achieved 102.364361236196 GB/s)
Achieved 726.6627666496207 GFLOPs
Completed in 0.002078102 s (achieved 111.0628852674219 GB/s)
Achieved 788.4117333990343 GFLOPs
Completed in 0.002293013 s (achieved 100.65359594559648 GB/s)
Achieved 714.5184087486639 GFLOPs
Completed in 0.0021297110000000003 s (achieved 108.37151331800416 GB/s)
Achieved 769.3062579852383 GFLOPs
Durations: [0.002392687, 0.002123438, 0.00237154, 0.00226042, 0.002383524, 0.0021488930000000002, 0.002254691, 0.002078102, 0.002293013, 0.0021297110000000003]
Median duration 0.00226042 (102.10492032454145 GB/s) 22.391429895732774% of peak
Median achieved 724.8210509551323 GFLOPs
./spmm_benchmark 100000 100000 512 32
Multiplying 100000 x 100000 matrix with 32 nnz/row by 512 columns.
OK!
Completed in 0.004999063000000001 s (achieved 87.13633014826978 GB/s)
Achieved 655.4828374837444 GFLOPs
Completed in 0.004903583 s (achieved 88.83300313260732 GB/s)
Achieved 668.246055996197 GFLOPs
Completed in 0.005049919 s (achieved 86.25881009180544 GB/s)
Achieved 648.8816949341168 GFLOPs
Completed in 0.004891077000000001 s (achieved 89.06014033310046 GB/s)
Achieved 669.9546950497814 GFLOPs
Completed in 0.005029932 s (achieved 86.60156916634261 GB/s)
Achieved 651.4600992617793 GFLOPs
Completed in 0.004993139000000001 s (achieved 87.2397111316148 GB/s)
Achieved 656.260520686486 GFLOPs
Completed in 0.00498043 s (achieved 87.46232835317433 GB/s)
Achieved 657.935158209231 GFLOPs
Completed in 0.004938944000000001 s (achieved 88.19699190758186 GB/s)
Achieved 663.4616630599577 GFLOPs
Completed in 0.004900495 s (achieved 88.88898039891889 GB/s)
Achieved 668.6671448496529 GFLOPs
Completed in 0.004985417000000001 s (achieved 87.37483825324942 GB/s)
Achieved 657.2770141394391 GFLOPs
Durations: [0.004999063000000001, 0.004903583, 0.005049919, 0.004891077000000001, 0.005029932, 0.004993139000000001, 0.00498043, 0.004938944000000001, 0.004900495, 0.004985417000000001]
Median duration 0.004985417000000001 (87.37483825324942 GB/s) 19.16114873974768% of peak
Median achieved 657.2770141394391 GFLOPs
./spmm_benchmark 100000 100000 1 64
Multiplying 100000 x 100000 matrix with 64 nnz/row by 1 columns.
OK!
Completed in 0.000546019 s (achieved 95.96736377305551 GB/s)
Achieved 23.44240768178397 GFLOPs
Completed in 0.000539678 s (achieved 97.09494179862807 GB/s)
Achieved 23.717846567768188 GFLOPs
Completed in 0.0005472060000000001 s (achieved 95.75919123693818 GB/s)
Achieved 23.391556379133267 GFLOPs
Completed in 0.00055082 s (achieved 95.13090301731962 GB/s)
Achieved 23.238081405903923 GFLOPs
Completed in 0.0005466690000000001 s (achieved 95.85325672390421 GB/s)
Achieved 23.414534206256434 GFLOPs
Completed in 0.000540546 s (achieved 96.939028315814 GB/s)
Achieved 23.67976083441557 GFLOPs
Completed in 0.000544888 s (achieved 96.16655899928058 GB/s)
Achieved 23.491066053941363 GFLOPs
Completed in 0.0006226340000000001 s (achieved 84.15859718550544 GB/s)
Achieved 20.557823697388834 GFLOPs
Completed in 0.000542054 s (achieved 96.66934290679525 GB/s)
Achieved 23.613883487623003 GFLOPs
Completed in 0.000546882 s (achieved 95.81592372760485 GB/s)
Achieved 23.405414696406172 GFLOPs
Durations: [0.000546019, 0.000539678, 0.0005472060000000001, 0.00055082, 0.0005466690000000001, 0.000540546, 0.000544888, 0.0006226340000000001, 0.000542054, 0.000546882]
Median duration 0.0005466690000000001 (95.85325672390421 GB/s) 21.020451035943903% of peak
Median achieved 23.414534206256434 GFLOPs
./spmm_benchmark 100000 100000 8 64
Multiplying 100000 x 100000 matrix with 64 nnz/row by 8 columns.
OK!
Completed in 0.00040535 s (achieved 143.08623165165906 GB/s)
Achieved 252.62119156284692 GFLOPs
Completed in 0.000599274 s (achieved 96.78378170920146 GB/s)
Achieved 170.8734235091127 GFLOPs
Completed in 0.000517663 s (achieved 112.04201188804299 GB/s)
Achieved 197.81209010495246 GFLOPs
Completed in 0.0005904170000000001 s (achieved 98.23566055855436 GB/s)
Achieved 173.4367404732587 GFLOPs
Completed in 0.000489022 s (achieved 118.6040791620827 GB/s)
Achieved 209.39753221736447 GFLOPs
Completed in 0.000407233 s (achieved 142.42461686552906 GB/s)
Achieved 251.45309933134104 GFLOPs
Completed in 0.00040496300000000005 s (achieved 143.2229709874729 GB/s)
Achieved 252.8626072011517 GFLOPs
Completed in 0.000587942 s (achieved 98.64919328777327 GB/s)
Achieved 174.1668395862177 GFLOPs
Completed in 0.00040745900000000004 s (achieved 142.34562005011546 GB/s)
Achieved 251.31362910133288 GFLOPs
Completed in 0.00040414700000000005 s (achieved 143.51214780760463 GB/s)
Achieved 253.3731538276914 GFLOPs
Durations: [0.00040535, 0.000599274, 0.000517663, 0.0005904170000000001, 0.000489022, 0.000407233, 0.00040496300000000005, 0.000587942, 0.00040745900000000004, 0.00040414700000000005]
Median duration 0.000489022 (118.6040791620827 GB/s) 26.00966648291287% of peak
Median achieved 209.39753221736447 GFLOPs
./spmm_benchmark 100000 100000 32 64
Multiplying 100000 x 100000 matrix with 64 nnz/row by 32 columns.
OK!
Completed in 0.0005836390000000001 s (achieved 132.273552658407 GB/s)
Achieved 701.8036834413053 GFLOPs
Completed in 0.00059123 s (achieved 130.57524821135598 GB/s)
Achieved 692.7929908834126 GFLOPs
Completed in 0.000592369 s (achieved 130.32417969205005 GB/s)
Achieved 691.4608968396388 GFLOPs
Completed in 0.0005824290000000001 s (achieved 132.54835181627288 GB/s)
Achieved 703.2616851152673 GFLOPs
Completed in 0.000588333 s (achieved 131.21821145507732 GB/s)
Achieved 696.2043604557283 GFLOPs
Completed in 0.000590667 s (achieved 130.6997072800749 GB/s)
Achieved 693.4533332656133 GFLOPs
Completed in 0.0005892590000000001 s (achieved 131.01200660490548 GB/s)
Achieved 695.1102995457005 GFLOPs
Completed in 0.000598573 s (achieved 128.9734151055928 GB/s)
Achieved 684.2941462444848 GFLOPs
Completed in 0.000590049 s (achieved 130.836598316411 GB/s)
Achieved 694.1796359285415 GFLOPs
Completed in 0.000593014 s (achieved 130.18243076891946 GB/s)
Achieved 690.7088196905976 GFLOPs
Durations: [0.0005836390000000001, 0.00059123, 0.000592369, 0.0005824290000000001, 0.000588333, 0.000590667, 0.0005892590000000001, 0.000598573, 0.000590049, 0.000593014]
Median duration 0.000590667 (130.6997072800749 GB/s) 28.662216508788354% of peak
Median achieved 693.4533332656133 GFLOPs
./spmm_benchmark 100000 100000 64 64
Multiplying 100000 x 100000 matrix with 64 nnz/row by 64 columns.
OK!
Completed in 0.000966302 s (achieved 106.38496453489695 GB/s)
Achieved 847.7680890653232 GFLOPs
Completed in 0.000945417 s (achieved 108.73509149930665 GB/s)
Achieved 866.4959483487181 GFLOPs
Completed in 0.0008135210000000001 s (achieved 126.36429053460205 GB/s)
Achieved 1006.9807663231803 GFLOPs
Completed in 0.0008162820000000001 s (achieved 125.93687475651795 GB/s)
Achieved 1003.5747450023398 GFLOPs
Completed in 0.00082291 s (achieved 124.92253587877167 GB/s)
Achieved 995.4916090459467 GFLOPs
Completed in 0.000817911 s (achieved 125.68605141635214 GB/s)
Achieved 1001.57596608922 GFLOPs
Completed in 0.000820621 s (achieved 125.27098867808647 GB/s)
Achieved 998.2683845526742 GFLOPs
Completed in 0.000827584 s (achieved 124.21700274534065 GB/s)
Achieved 989.8693063181502 GFLOPs
Completed in 0.000814927 s (achieved 126.14627322447286 GB/s)
Achieved 1005.2434144408027 GFLOPs
Completed in 0.000829815 s (achieved 123.88303899061839 GB/s)
Achieved 987.207992142827 GFLOPs
Durations: [0.000966302, 0.000945417, 0.0008135210000000001, 0.0008162820000000001, 0.00082291, 0.000817911, 0.000820621, 0.000827584, 0.000814927, 0.000829815]
Median duration 0.00082291 (124.92253587877167 GB/s) 27.39529295587098% of peak
Median achieved 995.4916090459467 GFLOPs
./spmm_benchmark 100000 100000 128 64
Multiplying 100000 x 100000 matrix with 64 nnz/row by 128 columns.
OK!
Completed in 0.001569599 s (achieved 98.11423427257535 GB/s)
Achieved 1043.8334886808668 GFLOPs
Completed in 0.0016042320000000001 s (achieved 95.99609283445287 GB/s)
Achieved 1021.298665030993 GFLOPs
Completed in 0.001493112 s (achieved 103.14028954291439 GB/s)
Achieved 1097.3054934927857 GFLOPs
Completed in 0.001553708 s (achieved 99.11772611069776 GB/s)
Achieved 1054.5095989722652 GFLOPs
Completed in 0.001495444 s (achieved 102.97945225631986 GB/s)
Achieved 1095.5943519115392 GFLOPs
Completed in 0.001586303 s (achieved 97.08107719647506 GB/s)
Achieved 1032.8417710866083 GFLOPs
Completed in 0.001616915 s (achieved 95.24310430665804 GB/s)
Achieved 1013.2876496290776 GFLOPs
Completed in 0.0015557580000000002 s (achieved 98.98712010479778 GB/s)
Achieved 1053.1200868001322 GFLOPs
Completed in 0.0015214660000000002 s (achieved 101.21816984408457 GB/s)
Achieved 1076.8561374358676 GFLOPs
Completed in 0.001557358 s (achieved 98.88542261959036 GB/s)
Achieved 1052.0381312453528 GFLOPs
Durations: [0.001569599, 0.0016042320000000001, 0.001493112, 0.001553708, 0.001495444, 0.001586303, 0.001616915, 0.0015557580000000002, 0.0015214660000000002, 0.001557358]
Median duration 0.001557358 (98.88542261959036 GB/s) 21.685399697278587% of peak
Median achieved 1052.0381312453528 GFLOPs
./spmm_benchmark 100000 100000 256 64
Multiplying 100000 x 100000 matrix with 64 nnz/row by 256 columns.
OK!
Completed in 0.003656147 s (achieved 70.12847240551324 GB/s)
Achieved 896.2440514563556 GFLOPs
Completed in 0.004092903 s (achieved 62.64502334895305 GB/s)
Achieved 800.6053405125897 GFLOPs
Completed in 0.004123835 s (achieved 62.17513649309441 GB/s)
Achieved 794.6001719273444 GFLOPs
Completed in 0.0037026040000000004 s (achieved 69.24856236313686 GB/s)
Achieved 884.9987738359273 GFLOPs
Completed in 0.003630134 s (achieved 70.6310026021078 GB/s)
Achieved 902.6664029482107 GFLOPs
Completed in 0.0036495000000000004 s (achieved 70.25620057542129 GB/s)
Achieved 897.8764214275927 GFLOPs
Completed in 0.0036375210000000003 s (achieved 70.48756666971819 GB/s)
Achieved 900.8332872854892 GFLOPs
Completed in 0.003723605 s (achieved 68.85800292995633 GB/s)
Achieved 880.0074121718067 GFLOPs
Completed in 0.003653256 s (achieved 70.18396849276371 GB/s)
Achieved 896.9532931718993 GFLOPs
Completed in 0.003625554 s (achieved 70.72022758452916 GB/s)
Achieved 903.8067009896971 GFLOPs
Durations: [0.003656147, 0.004092903, 0.004123835, 0.0037026040000000004, 0.003630134, 0.0036495000000000004, 0.0036375210000000003, 0.003723605, 0.003653256, 0.003625554]
Median duration 0.003656147 (70.12847240551324 GB/s) 15.379050966121323% of peak
Median achieved 896.2440514563556 GFLOPs
./spmm_benchmark 100000 100000 512 64
Multiplying 100000 x 100000 matrix with 64 nnz/row by 512 columns.
OK!
Completed in 0.009368300000000001 s (achieved 49.22985002615202 GB/s)
Achieved 699.5506121708314 GFLOPs
Completed in 0.009277689 s (achieved 49.710655746274746 GB/s)
Achieved 706.3828071839873 GFLOPs
Completed in 0.009460342 s (achieved 48.750880676406844 GB/s)
Achieved 692.7445117734644 GFLOPs
Completed in 0.009415544000000001 s (achieved 48.98283136906375 GB/s)
Achieved 696.0405049352432 GFLOPs
Completed in 0.009260743 s (achieved 49.80162002120133 GB/s)
Achieved 707.6753992633205 GFLOPs
Completed in 0.009513765 s (achieved 48.47712803501033 GB/s)
Achieved 688.8545176383902 GFLOPs
Completed in 0.009380281 s (achieved 49.16697101078316 GB/s)
Achieved 698.6571084597572 GFLOPs
Completed in 0.009076718000000001 s (achieved 50.81131792350495 GB/s)
Achieved 722.0230924878354 GFLOPs
Completed in 0.00923639 s (achieved 49.932928774120626 GB/s)
Achieved 709.5412818211444 GFLOPs
Completed in 0.009417663 s (achieved 48.9718100976856 GB/s)
Achieved 695.8838939129591 GFLOPs
Durations: [0.009368300000000001, 0.009277689, 0.009460342, 0.009415544000000001, 0.009260743, 0.009513765, 0.009380281, 0.009076718000000001, 0.00923639, 0.009417663]
Median duration 0.009380281 (49.16697101078316 GB/s) 10.782230484820868% of peak
Median achieved 698.6571084597572 GFLOPs
./spmm_benchmark 100000 100000 1 128
Multiplying 100000 x 100000 matrix with 128 nnz/row by 1 columns.
OK!
Completed in 0.00153337 s (achieved 67.56360434859167 GB/s)
Achieved 16.69525293960362 GFLOPs
Completed in 0.0014897270000000002 s (achieved 69.54294578805379 GB/s)
Achieved 17.18435659687983 GFLOPs
Completed in 0.001526065 s (achieved 67.88701922919404 GB/s)
Achieved 16.775170127091574 GFLOPs
Completed in 0.0014456430000000001 s (achieved 71.66361542925881 GB/s)
Achieved 17.70838305169395 GFLOPs
Completed in 0.001574548 s (achieved 65.79666291532554 GB/s)
Achieved 16.25863422391696 GFLOPs
Completed in 0.0014620430000000001 s (achieved 70.85975173096824 GB/s)
Achieved 17.50974492542285 GFLOPs
Completed in 0.0015609850000000002 s (achieved 66.36835331537459 GB/s)
Achieved 16.399901344343473 GFLOPs
Completed in 0.00144059 s (achieved 71.91498205596318 GB/s)
Achieved 17.770496810334656 GFLOPs
Completed in 0.00146123 s (achieved 70.89917672098164 GB/s)
Achieved 17.51948700752106 GFLOPs
Completed in 0.0016047370000000002 s (achieved 64.55886790171847 GB/s)
Achieved 15.952769830819628 GFLOPs
Durations: [0.00153337, 0.0014897270000000002, 0.001526065, 0.0014456430000000001, 0.001574548, 0.0014620430000000001, 0.0015609850000000002, 0.00144059, 0.00146123, 0.0016047370000000002]
Median duration 0.001526065 (67.88701922919404 GB/s) 14.887504216928516% of peak
Median achieved 16.775170127091574 GFLOPs
./spmm_benchmark 100000 100000 8 128
Multiplying 100000 x 100000 matrix with 128 nnz/row by 8 columns.
OK!
Completed in 0.0006573550000000001 s (achieved 166.12029116687327 GB/s)
Achieved 311.55159693012143 GFLOPs
Completed in 0.000652332 s (achieved 167.39942851186206 GB/s)
Achieved 313.95056504969864 GFLOPs
Completed in 0.000645617 s (achieved 169.1405337839617 GB/s)
Achieved 317.2159345246485 GFLOPs
Completed in 0.0006455650000000001 s (achieved 169.15415798564047 GB/s)
Achieved 317.24148614004787 GFLOPs
Completed in 0.0006630690000000001 s (achieved 164.68874883307768 GB/s)
Achieved 308.8667996844974 GFLOPs
Completed in 0.0006607980000000001 s (achieved 165.2547435070929 GB/s)
Achieved 309.9282988144637 GFLOPs
Completed in 0.000662455 s (achieved 164.84139149074275 GB/s)
Achieved 309.15307454845987 GFLOPs
Completed in 0.000651856 s (achieved 167.52166736211677 GB/s)
Achieved 314.1798188556982 GFLOPs
Completed in 0.0006434020000000001 s (achieved 169.72282336703958 GB/s)
Achieved 318.3079940690268 GFLOPs
Completed in 0.000646273 s (achieved 168.968847530378 GB/s)
Achieved 316.8939442000517 GFLOPs
Durations: [0.0006573550000000001, 0.000652332, 0.000645617, 0.0006455650000000001, 0.0006630690000000001, 0.0006607980000000001, 0.000662455, 0.000651856, 0.0006434020000000001, 0.000646273]
Median duration 0.000652332 (167.39942851186206 GB/s) 36.71040098944343% of peak
Median achieved 313.95056504969864 GFLOPs
./spmm_benchmark 100000 100000 32 128
Multiplying 100000 x 100000 matrix with 128 nnz/row by 32 columns.
OK!
Completed in 0.0008777850000000001 s (achieved 146.2772820223631 GB/s)
Achieved 933.2581440785614 GFLOPs
Completed in 0.0008762430000000001 s (achieved 146.5346987080068 GB/s)
Achieved 934.9004785202278 GFLOPs
Completed in 0.0008857740000000001 s (achieved 144.95797347856225 GB/s)
Achieved 924.8408736314228 GFLOPs
Completed in 0.000867859 s (achieved 147.95030529152777 GB/s)
Achieved 943.9321364415188 GFLOPs
Completed in 0.000862556 s (achieved 148.85990474821347 GB/s)
Achieved 949.7354374672485 GFLOPs
Completed in 0.0008737290000000001 s (achieved 146.95632627508073 GB/s)
Achieved 937.5904885839889 GFLOPs
Completed in 0.000874035 s (achieved 146.90487680699286 GB/s)
Achieved 937.2622377822399 GFLOPs
Completed in 0.0008611900000000001 s (achieved 149.09602294499473 GB/s)
Achieved 951.2418862271973 GFLOPs
Completed in 0.000873505 s (achieved 146.9940114824758 GB/s)
Achieved 937.8309225476672 GFLOPs
Completed in 0.000877942 s (achieved 146.2511236505373 GB/s)
Achieved 933.0912520417066 GFLOPs
Durations: [0.0008777850000000001, 0.0008762430000000001, 0.0008857740000000001, 0.000867859, 0.000862556, 0.0008737290000000001, 0.000874035, 0.0008611900000000001, 0.000873505, 0.000877942]
Median duration 0.000874035 (146.90487680699286 GB/s) 32.215981755919486% of peak
Median achieved 937.2622377822399 GFLOPs
./spmm_benchmark 100000 100000 64 128
Multiplying 100000 x 100000 matrix with 128 nnz/row by 64 columns.
OK!
Completed in 0.0013165470000000002 s (achieved 116.97265954044936 GB/s)
Achieved 1244.467535150663 GFLOPs
Completed in 0.0013167460000000001 s (achieved 116.9549814466875 GB/s)
Achieved 1244.2794586047726 GFLOPs
Completed in 0.001334698 s (achieved 115.38190961550852 GB/s)
Achieved 1227.5436091160698 GFLOPs
Completed in 0.001328137 s (achieved 115.95189652874664 GB/s)
Achieved 1233.6076775212196 GFLOPs
Completed in 0.001327613 s (achieved 115.99766196926363 GB/s)
Achieved 1234.0945742471638 GFLOPs
Completed in 0.001352783 s (achieved 113.83939922367445 GB/s)
Achieved 1211.1329015814067 GFLOPs
Completed in 0.001322782 s (achieved 116.42130298114125 GB/s)
Achieved 1238.6016743499686 GFLOPs
Completed in 0.001322969 s (achieved 116.40484697676212 GB/s)
Achieved 1238.4265995650692 GFLOPs
Completed in 0.0013503620000000001 s (achieved 114.04349648464633 GB/s)
Achieved 1213.3042843326455 GFLOPs
Completed in 0.001338282 s (achieved 115.07290989492498 GB/s)
Achieved 1224.2561732131194 GFLOPs
Durations: [0.0013165470000000002, 0.0013167460000000001, 0.001334698, 0.001328137, 0.001327613, 0.001352783, 0.001322782, 0.001322969, 0.0013503620000000001, 0.001338282]
Median duration 0.001328137 (115.95189652874664 GB/s) 25.42804748437426% of peak
Median achieved 1233.6076775212196 GFLOPs
./spmm_benchmark 100000 100000 128 128
Multiplying 100000 x 100000 matrix with 128 nnz/row by 128 columns.
OK!
Completed in 0.0025257540000000003 s (achieved 81.24306801058219 GB/s)
Achieved 1297.3551660217106 GFLOPs
Completed in 0.002491526 s (achieved 82.35916622985272 GB/s)
Achieved 1315.177927101704 GFLOPs
Completed in 0.0024973760000000004 s (achieved 82.16624328895608 GB/s)
Achieved 1312.097177197186 GFLOPs
Completed in 0.002499491 s (achieved 82.09671649147768 GB/s)
Achieved 1310.9869169362883 GFLOPs
Completed in 0.00249248 s (achieved 82.327643150597 GB/s)
Achieved 1314.6745410193864 GFLOPs
Completed in 0.002507001 s (achieved 81.85078665704562 GB/s)
Achieved 1307.0597099881493 GFLOPs
Completed in 0.0024947660000000003 s (achieved 82.25220481600279 GB/s)
Achieved 1313.4698805419025 GFLOPs
Completed in 0.00249373 s (achieved 82.28637583058311 GB/s)
Achieved 1314.0155510019129 GFLOPs
Completed in 0.002520357 s (achieved 81.41703893535718 GB/s)
Achieved 1300.1332747702013 GFLOPs
Completed in 0.0024863380000000003 s (achieved 82.53101710226044 GB/s)
Achieved 1317.9221811354691 GFLOPs
Durations: [0.0025257540000000003, 0.002491526, 0.0024973760000000004, 0.002499491, 0.00249248, 0.002507001, 0.0024947660000000003, 0.00249373, 0.002520357, 0.0024863380000000003]
Median duration 0.0024973760000000004 (82.16624328895608 GB/s) 18.01891300196405% of peak
Median achieved 1312.097177197186 GFLOPs
./spmm_benchmark 100000 100000 256 128
Multiplying 100000 x 100000 matrix with 128 nnz/row by 256 columns.
OK!
Completed in 0.006524261000000001 s (achieved 47.14710279064556 GB/s)
Achieved 1004.4969077723898 GFLOPs
Completed in 0.006437544000000001 s (achieved 47.782198304198 GB/s)
Achieved 1018.0279932843954 GFLOPs
Completed in 0.0064847540000000006 s (achieved 47.43433659935288 GB/s)
Achieved 1010.6165939371023 GFLOPs
Completed in 0.006528453 s (achieved 47.11682905582686 GB/s)
Achieved 1003.8519079481771 GFLOPs
Completed in 0.006314221 s (achieved 48.715432038251436 GB/s)
Achieved 1037.9110899032516 GFLOPs
Completed in 0.0064481650000000005 s (achieved 47.70349456008027 GB/s)
Achieved 1016.3511634705377 GFLOPs
Completed in 0.006347859 s (achieved 48.45728362901571 GB/s)
Achieved 1032.4110853753998 GFLOPs
Completed in 0.006502450000000001 s (achieved 47.305247099170316 GB/s)
Achieved 1007.8662657921244 GFLOPs
Completed in 0.006563397 s (achieved 46.865975652547 GB/s)
Achieved 998.5073278364847 GFLOPs
Completed in 0.0064496530000000005 s (achieved 47.69248888273524 GB/s)
Achieved 1016.1166810059393 GFLOPs
Durations: [0.006524261000000001, 0.006437544000000001, 0.0064847540000000006, 0.006528453, 0.006314221, 0.0064481650000000005, 0.006347859, 0.006502450000000001, 0.006563397, 0.0064496530000000005]
Median duration 0.0064847540000000006 (47.43433659935288 GB/s) 10.402266798103701% of peak
Median achieved 1010.6165939371023 GFLOPs
./spmm_benchmark 100000 100000 512 128
Multiplying 100000 x 100000 matrix with 128 nnz/row by 512 columns.
OK!
Completed in 0.018338973 s (achieved 27.94049612265638 GB/s)
Achieved 714.7183214676198 GFLOPs
Completed in 0.01832806 s (achieved 27.957132615235878 GB/s)
Achieved 715.1438832042235 GFLOPs
Completed in 0.01823388 s (achieved 28.1015342867234 GB/s)
Achieved 718.8376801865538 GFLOPs
Completed in 0.018615135 s (achieved 27.525989148077628 GB/s)
Achieved 704.1152266690518 GFLOPs
Completed in 0.018311917 s (achieved 27.981778423307624 GB/s)
Achieved 715.7743233545674 GFLOPs
Completed in 0.018358402000000003 s (achieved 27.910926234211452 GB/s)
Achieved 713.9619232654345 GFLOPs
Completed in 0.018725912 s (achieved 27.363153474180592 GB/s)
Achieved 699.9498876209607 GFLOPs
Completed in 0.018370709000000002 s (achieved 27.89222800274067 GB/s)
Achieved 713.4836222162138 GFLOPs
Completed in 0.018233986 s (achieved 28.101370923505154 GB/s)
Achieved 718.8335013529132 GFLOPs
Completed in 0.018681396000000003 s (achieved 27.428357281222453 GB/s)
Achieved 701.6178020100853 GFLOPs
Durations: [0.018338973, 0.01832806, 0.01823388, 0.018615135, 0.018311917, 0.018358402000000003, 0.018725912, 0.018370709000000002, 0.018233986, 0.018681396000000003]
Median duration 0.018358402000000003 (27.910926234211452 GB/s) 6.120817156625318% of peak
Median achieved 713.9619232654345 GFLOPs
Finished SPMM benchmark tests at Fri Sep 19 08:51:56 PM PDT 2025
